{"level":"info","message":"Server is running on port 8000","timestamp":"2024-10-11T17:47:58.144Z"}
{"level":"info","message":"Server is running on port 8000","timestamp":"2024-10-11T17:50:06.527Z"}
{"level":"info","message":"::1 - - [11/Oct/2024:17:53:39 +0000] \"POST /v1/students/sign-up HTTP/1.1\" 404 159 \"-\" \"PostmanRuntime/7.39.1\"","timestamp":"2024-10-11T17:53:39.877Z"}
{"level":"info","message":"Server is running on port 8000","timestamp":"2024-10-11T17:54:29.920Z"}
{"level":"info","message":"::1 - - [11/Oct/2024:17:55:26 +0000] \"POST /v1/students/sign-up HTTP/1.1\" 404 159 \"-\" \"PostmanRuntime/7.39.1\"","timestamp":"2024-10-11T17:55:26.952Z"}
{"level":"info","message":"Server is running on port 4000","timestamp":"2024-10-11T17:56:37.222Z"}
{"level":"info","message":"::1 - - [11/Oct/2024:17:56:45 +0000] \"POST /v1/students/sign-up HTTP/1.1\" 404 159 \"-\" \"PostmanRuntime/7.39.1\"","timestamp":"2024-10-11T17:56:45.560Z"}
{"level":"info","message":"::1 - - [11/Oct/2024:17:56:45 +0000] \"POST /v1/students/sign-up HTTP/1.1\" 404 159 \"-\" \"PostmanRuntime/7.39.1\"","timestamp":"2024-10-11T17:56:45.587Z"}
{"level":"info","message":"::1 - - [11/Oct/2024:17:57:50 +0000] \"GET /v1/students/login HTTP/1.1\" 404 156 \"-\" \"PostmanRuntime/7.39.1\"","timestamp":"2024-10-11T17:57:50.504Z"}
{"level":"info","message":"::1 - - [11/Oct/2024:17:57:50 +0000] \"GET /v1/students/login HTTP/1.1\" 404 156 \"-\" \"PostmanRuntime/7.39.1\"","timestamp":"2024-10-11T17:57:50.514Z"}
{"level":"info","message":"Server is running on port 4000","timestamp":"2024-10-11T17:58:28.334Z"}
{"level":"info","message":"::1 - - [11/Oct/2024:17:58:29 +0000] \"GET /students/login HTTP/1.1\" 404 153 \"-\" \"PostmanRuntime/7.39.1\"","timestamp":"2024-10-11T17:58:29.964Z"}
{"level":"info","message":"::1 - - [11/Oct/2024:17:58:29 +0000] \"GET /students/login HTTP/1.1\" 404 153 \"-\" \"PostmanRuntime/7.39.1\"","timestamp":"2024-10-11T17:58:29.982Z"}
{"level":"info","message":"::ffff:127.0.0.1 - - [11/Oct/2024:17:59:38 +0000] \"GET / HTTP/1.1\" 200 42 \"-\" \"Thunder Client (https://www.thunderclient.com)\"","timestamp":"2024-10-11T17:59:38.599Z"}
{"level":"info","message":"::ffff:127.0.0.1 - - [11/Oct/2024:17:59:46 +0000] \"GET /students/login HTTP/1.1\" 404 153 \"-\" \"Thunder Client (https://www.thunderclient.com)\"","timestamp":"2024-10-11T17:59:46.616Z"}
{"level":"info","message":"Server is running on port 4000","timestamp":"2024-10-11T18:01:38.698Z"}
{"level":"info","message":"::ffff:127.0.0.1 - - [11/Oct/2024:18:01:39 +0000] \"GET /students/login HTTP/1.1\" 404 153 \"-\" \"Thunder Client (https://www.thunderclient.com)\"","timestamp":"2024-10-11T18:01:39.966Z"}
{"level":"info","message":"::ffff:127.0.0.1 - - [11/Oct/2024:18:01:46 +0000] \"GET /students/ HTTP/1.1\" 404 148 \"-\" \"Thunder Client (https://www.thunderclient.com)\"","timestamp":"2024-10-11T18:01:46.523Z"}
{"level":"info","message":"Server is running on port 4000","timestamp":"2024-10-11T18:03:59.606Z"}
{"level":"info","message":"::ffff:127.0.0.1 - - [11/Oct/2024:18:04:00 +0000] \"POST /students/login HTTP/1.1\" 404 154 \"-\" \"Thunder Client (https://www.thunderclient.com)\"","timestamp":"2024-10-11T18:04:00.472Z"}
{"level":"info","message":"Server is running on port 4000","timestamp":"2024-10-11T18:04:52.871Z"}
{"level":"info","message":"::1 - - [11/Oct/2024:18:05:03 +0000] \"POST /v1/students/login HTTP/1.1\" 400 406 \"-\" \"PostmanRuntime/7.39.1\"","timestamp":"2024-10-11T18:05:03.049Z"}
{"level":"info","message":"::1 - - [11/Oct/2024:18:05:14 +0000] \"POST /v1/students/sign-up HTTP/1.1\" 404 159 \"-\" \"PostmanRuntime/7.39.1\"","timestamp":"2024-10-11T18:05:14.573Z"}
{"level":"info","message":"::1 - - [11/Oct/2024:18:05:42 +0000] \"POST /v1/students/login HTTP/1.1\" 400 406 \"-\" \"PostmanRuntime/7.39.1\"","timestamp":"2024-10-11T18:05:42.624Z"}
{"level":"info","message":"::1 - - [11/Oct/2024:18:05:42 +0000] \"POST /v1/students/login HTTP/1.1\" 400 406 \"-\" \"PostmanRuntime/7.39.1\"","timestamp":"2024-10-11T18:05:42.635Z"}
{"level":"info","message":"Server is running on port 4000","timestamp":"2024-10-11T18:06:28.500Z"}
{"level":"info","message":"::1 - - [11/Oct/2024:18:06:31 +0000] \"POST /v1/students/signup HTTP/1.1\" 400 705 \"-\" \"PostmanRuntime/7.39.1\"","timestamp":"2024-10-11T18:06:31.623Z"}
{"level":"info","message":"Server is running on port 4000","timestamp":"2024-10-11T18:07:50.935Z"}
{"level":"info","message":"::1 - - [11/Oct/2024:18:07:53 +0000] \"POST /v1/students/signup HTTP/1.1\" 400 705 \"-\" \"PostmanRuntime/7.39.1\"","timestamp":"2024-10-11T18:07:53.686Z"}
{"level":"info","message":"Server is running on port 4000","timestamp":"2024-10-11T18:11:25.946Z"}
{"level":"info","message":"::1 - - [11/Oct/2024:18:12:16 +0000] \"POST /v1/students/signup HTTP/1.1\" 404 158 \"-\" \"PostmanRuntime/7.39.1\"","timestamp":"2024-10-11T18:12:16.166Z"}
{"level":"info","message":"::1 - - [11/Oct/2024:18:12:31 +0000] \"POST /students/signup HTTP/1.1\" 201 28 \"-\" \"PostmanRuntime/7.39.1\"","timestamp":"2024-10-11T18:12:31.614Z"}
{"level":"info","message":"::1 - - [11/Oct/2024:18:12:32 +0000] \"POST /students/signup HTTP/1.1\" 500 27 \"-\" \"PostmanRuntime/7.39.1\"","timestamp":"2024-10-11T18:12:32.050Z"}
{"level":"info","message":"Server is running on port 4000","timestamp":"2024-10-11T18:13:21.187Z"}
{"level":"info","message":"::1 - - [11/Oct/2024:18:14:06 +0000] \"POST /students/signup HTTP/1.1\" 201 28 \"-\" \"PostmanRuntime/7.39.1\"","timestamp":"2024-10-11T18:14:06.235Z"}
{"level":"info","message":"::1 - - [11/Oct/2024:18:15:32 +0000] \"POST /students/login HTTP/1.1\" 500 44 \"-\" \"PostmanRuntime/7.39.1\"","timestamp":"2024-10-11T18:15:32.938Z"}
{"level":"info","message":"::1 - - [11/Oct/2024:18:16:00 +0000] \"GET /students/verify-account/eyJhbGciOiJIUzI1NiIsInR5cCI6IkpXVCJ9.eyJhY2NvdW50SWQiOiI2NzA5NmFlYzM1Mzc3ODMxYmFiZWRjNjIiLCJpYXQiOjE3Mjg2NzA0NDUsImV4cCI6MTcyODY5MjA0NX0.6ss4x2PCLw1cRq7BKxyDuq8Gfho8voQr5eZAMfrUq8Q HTTP/1.1\" 200 43 \"-\" \"PostmanRuntime/7.39.1\"","timestamp":"2024-10-11T18:16:00.272Z"}
{"level":"info","message":"::1 - - [11/Oct/2024:18:16:05 +0000] \"POST /students/login HTTP/1.1\" 500 47 \"-\" \"PostmanRuntime/7.39.1\"","timestamp":"2024-10-11T18:16:05.488Z"}
{"level":"info","message":"::1 - - [11/Oct/2024:18:16:24 +0000] \"POST /students/login HTTP/1.1\" 500 47 \"-\" \"PostmanRuntime/7.39.1\"","timestamp":"2024-10-11T18:16:24.124Z"}
{"level":"info","message":"::1 - - [11/Oct/2024:18:16:37 +0000] \"GET /students/verify-account/eyJhbGciOiJIUzI1NiIsInR5cCI6IkpXVCJ9.eyJhY2NvdW50SWQiOiI2NzA5NmFlYzM1Mzc3ODMxYmFiZWRjNjIiLCJpYXQiOjE3Mjg2NzA0NDUsImV4cCI6MTcyODY5MjA0NX0.6ss4x2PCLw1cRq7BKxyDuq8Gfho8voQr5eZAMfrUq8Q HTTP/1.1\" 500 44 \"-\" \"PostmanRuntime/7.39.1\"","timestamp":"2024-10-11T18:16:37.224Z"}
{"level":"info","message":"::1 - - [11/Oct/2024:18:16:54 +0000] \"POST /students/signup HTTP/1.1\" 500 27 \"-\" \"PostmanRuntime/7.39.1\"","timestamp":"2024-10-11T18:16:54.944Z"}
{"level":"info","message":"::1 - - [11/Oct/2024:18:17:02 +0000] \"POST /students/login HTTP/1.1\" 500 47 \"-\" \"PostmanRuntime/7.39.1\"","timestamp":"2024-10-11T18:17:02.410Z"}
{"level":"info","message":"::1 - - [11/Oct/2024:18:18:36 +0000] \"POST /students/signup HTTP/1.1\" 201 28 \"-\" \"PostmanRuntime/7.39.1\"","timestamp":"2024-10-11T18:18:36.962Z"}
{"level":"info","message":"::1 - - [11/Oct/2024:18:19:11 +0000] \"GET /students/verify-account/eyJhbGciOiJIUzI1NiIsInR5cCI6IkpXVCJ9.eyJhY2NvdW50SWQiOiI2NzA5NmJmNjM1Mzc3ODMxYmFiZWRjNmUiLCJpYXQiOjE3Mjg2NzA3MTAsImV4cCI6MTcyODY5MjMxMH0.bT5OrbmUWXeB_yH_-hsVtjoieh6lt8zXCP3DGVd__LM HTTP/1.1\" 200 43 \"-\" \"PostmanRuntime/7.39.1\"","timestamp":"2024-10-11T18:19:11.409Z"}
{"level":"info","message":"::1 - - [11/Oct/2024:18:19:14 +0000] \"POST /students/login HTTP/1.1\" 500 47 \"-\" \"PostmanRuntime/7.39.1\"","timestamp":"2024-10-11T18:19:14.164Z"}
{"code":"ESERVFAIL","hostname":"_mongodb._tcp.cluster0.x923icw.mongodb.net","level":"error","message":"Failed to start the server: querySrv ESERVFAIL _mongodb._tcp.cluster0.x923icw.mongodb.net","stack":"Error: querySrv ESERVFAIL _mongodb._tcp.cluster0.x923icw.mongodb.net\n    at QueryReqWrap.onresolve [as oncomplete] (node:internal/dns/promises:275:17)","syscall":"querySrv","timestamp":"2024-10-11T18:29:36.512Z"}
{"level":"info","message":"Server is running on port 4000","timestamp":"2024-10-11T18:31:38.040Z"}
{"level":"info","message":"::1 - - [11/Oct/2024:18:31:48 +0000] \"POST /students/signup HTTP/1.1\" 201 28 \"-\" \"PostmanRuntime/7.39.1\"","timestamp":"2024-10-11T18:31:48.955Z"}
{"level":"info","message":"::1 - - [11/Oct/2024:18:32:51 +0000] \"GET /students/verify-account/eyJhbGciOiJIUzI1NiIsInR5cCI6IkpXVCJ9.eyJhY2NvdW50SWQiOiI2NzA5NmYxMTZlYWYzMmEyYzBmNDA0ZDUiLCJhY2NvdW50VHlwZSI6InN0dWRlbnQiLCJpYXQiOjE3Mjg2NzE1MDUsImV4cCI6MTcyODY5MzEwNX0.pDUJaGykmoF6P_xwxAhVhfb6Js8QqsJddSno4TwGnmk HTTP/1.1\" 200 43 \"-\" \"PostmanRuntime/7.39.1\"","timestamp":"2024-10-11T18:32:51.559Z"}
{"level":"info","message":"::1 - - [11/Oct/2024:18:32:58 +0000] \"POST /students/login HTTP/1.1\" 200 224 \"-\" \"PostmanRuntime/7.39.1\"","timestamp":"2024-10-11T18:32:58.023Z"}
{"level":"info","message":"Server is running on port 4000","timestamp":"2024-10-11T18:34:19.374Z"}
{"level":"info","message":"Server is running on port 4000","timestamp":"2024-10-11T18:36:43.956Z"}
{"level":"info","message":"Server is running on port 4000","timestamp":"2024-10-11T18:47:42.202Z"}
{"level":"info","message":"::1 - - [11/Oct/2024:18:48:03 +0000] \"POST /students/signup HTTP/1.1\" 500 27 \"-\" \"PostmanRuntime/7.39.1\"","timestamp":"2024-10-11T18:48:03.552Z"}
{"level":"info","message":"Server is running on port 4000","timestamp":"2024-10-11T18:49:19.399Z"}
{"level":"info","message":"Server is running on port 4000","timestamp":"2024-10-11T18:50:02.411Z"}
{"level":"info","message":"::1 - - [11/Oct/2024:18:50:44 +0000] \"POST /donors/signup HTTP/1.1\" 201 28 \"-\" \"PostmanRuntime/7.39.1\"","timestamp":"2024-10-11T18:50:44.996Z"}
{"code":"ETIMEOUT","hostname":"_mongodb._tcp.cluster0.x923icw.mongodb.net","level":"error","message":"Failed to start the server: querySrv ETIMEOUT _mongodb._tcp.cluster0.x923icw.mongodb.net","stack":"Error: querySrv ETIMEOUT _mongodb._tcp.cluster0.x923icw.mongodb.net\n    at QueryReqWrap.onresolve [as oncomplete] (node:internal/dns/promises:275:17)","syscall":"querySrv","timestamp":"2024-10-11T18:56:50.392Z"}
{"level":"error","message":"Failed to start the server: Could not connect to any servers in your MongoDB Atlas cluster. One common reason is that you're trying to access the database from an IP that isn't whitelisted. Make sure your current IP address is on your Atlas cluster's IP whitelist: https://www.mongodb.com/docs/atlas/security-whitelist/","reason":{"commonWireVersion":0,"compatible":true,"heartbeatFrequencyMS":10000,"localThresholdMS":15,"logicalSessionTimeoutMinutes":null,"maxElectionId":null,"maxSetVersion":null,"servers":{"ac-kkyybhd-shard-00-00.x923icw.mongodb.net:27017":{"$clusterTime":null,"address":"ac-kkyybhd-shard-00-00.x923icw.mongodb.net:27017","arbiters":[],"electionId":null,"error":{},"hosts":[],"lastUpdateTime":9191048,"lastWriteDate":0,"logicalSessionTimeoutMinutes":null,"maxWireVersion":0,"me":null,"minRoundTripTime":0,"minWireVersion":0,"passives":[],"primary":null,"roundTripTime":-1,"setName":null,"setVersion":null,"tags":{},"topologyVersion":null,"type":"Unknown"},"ac-kkyybhd-shard-00-01.x923icw.mongodb.net:27017":{"$clusterTime":null,"address":"ac-kkyybhd-shard-00-01.x923icw.mongodb.net:27017","arbiters":[],"electionId":null,"error":null,"hosts":[],"lastUpdateTime":9170872,"lastWriteDate":0,"logicalSessionTimeoutMinutes":null,"maxWireVersion":0,"me":null,"minRoundTripTime":0,"minWireVersion":0,"passives":[],"primary":null,"roundTripTime":-1,"setName":null,"setVersion":null,"tags":{},"topologyVersion":null,"type":"Unknown"},"ac-kkyybhd-shard-00-02.x923icw.mongodb.net:27017":{"$clusterTime":null,"address":"ac-kkyybhd-shard-00-02.x923icw.mongodb.net:27017","arbiters":[],"electionId":null,"error":null,"hosts":[],"lastUpdateTime":9170872,"lastWriteDate":0,"logicalSessionTimeoutMinutes":null,"maxWireVersion":0,"me":null,"minRoundTripTime":0,"minWireVersion":0,"passives":[],"primary":null,"roundTripTime":-1,"setName":null,"setVersion":null,"tags":{},"topologyVersion":null,"type":"Unknown"}},"setName":"atlas-petk1v-shard-0","stale":false,"type":"ReplicaSetNoPrimary"},"stack":"MongooseServerSelectionError: Could not connect to any servers in your MongoDB Atlas cluster. One common reason is that you're trying to access the database from an IP that isn't whitelisted. Make sure your current IP address is on your Atlas cluster's IP whitelist: https://www.mongodb.com/docs/atlas/security-whitelist/\n    at _handleConnectionErrors (/home/adams/Documents/chorus-backend/api/node_modules/mongoose/lib/connection.js:909:11)\n    at NativeConnection.openUri (/home/adams/Documents/chorus-backend/api/node_modules/mongoose/lib/connection.js:860:11)","timestamp":"2024-10-11T18:57:39.653Z"}
{"code":"ETIMEOUT","hostname":"_mongodb._tcp.cluster0.x923icw.mongodb.net","level":"error","message":"Failed to start the server: querySrv ETIMEOUT _mongodb._tcp.cluster0.x923icw.mongodb.net","stack":"Error: querySrv ETIMEOUT _mongodb._tcp.cluster0.x923icw.mongodb.net\n    at QueryReqWrap.onresolve [as oncomplete] (node:internal/dns/promises:275:17)","syscall":"querySrv","timestamp":"2024-10-11T18:58:59.342Z"}
{"level":"info","message":"Server is running on port 4000","timestamp":"2024-10-11T23:29:21.832Z"}
{"level":"info","message":"::1 - - [11/Oct/2024:23:33:52 +0000] \"POST /accounts/signup HTTP/1.1\" 404 155 \"-\" \"PostmanRuntime/7.39.1\"","timestamp":"2024-10-11T23:33:52.646Z"}
{"level":"info","message":"::1 - - [11/Oct/2024:23:34:29 +0000] \"POST /account/signup HTTP/1.1\" 404 154 \"-\" \"PostmanRuntime/7.39.1\"","timestamp":"2024-10-11T23:34:29.779Z"}
{"level":"info","message":"::1 - - [11/Oct/2024:23:34:29 +0000] \"POST /account/signup HTTP/1.1\" 404 154 \"-\" \"PostmanRuntime/7.39.1\"","timestamp":"2024-10-11T23:34:29.786Z"}
{"level":"info","message":"::1 - - [11/Oct/2024:23:35:09 +0000] \"POST /v1/account/signup HTTP/1.1\" 400 185 \"-\" \"PostmanRuntime/7.39.1\"","timestamp":"2024-10-11T23:35:09.021Z"}
{"level":"info","message":"::1 - - [11/Oct/2024:23:35:09 +0000] \"POST /v1/account/signup HTTP/1.1\" 400 185 \"-\" \"PostmanRuntime/7.39.1\"","timestamp":"2024-10-11T23:35:09.043Z"}
{"level":"info","message":"Server is running on port 4000","timestamp":"2024-10-11T23:36:18.379Z"}
{"level":"info","message":"::1 - - [11/Oct/2024:23:36:22 +0000] \"POST /v1/account/signup HTTP/1.1\" 201 28 \"-\" \"PostmanRuntime/7.39.1\"","timestamp":"2024-10-11T23:36:22.577Z"}
{"code":"EREFUSED","hostname":"_mongodb._tcp.cluster0.x923icw.mongodb.net","level":"error","message":"Failed to start the server: querySrv EREFUSED _mongodb._tcp.cluster0.x923icw.mongodb.net","stack":"Error: querySrv EREFUSED _mongodb._tcp.cluster0.x923icw.mongodb.net\n    at QueryReqWrap.onresolve [as oncomplete] (node:internal/dns/promises:275:17)","syscall":"querySrv","timestamp":"2024-10-12T00:01:15.271Z"}
{"code":"ESERVFAIL","hostname":"_mongodb._tcp.cluster0.x923icw.mongodb.net","level":"error","message":"Failed to start the server: querySrv ESERVFAIL _mongodb._tcp.cluster0.x923icw.mongodb.net","stack":"Error: querySrv ESERVFAIL _mongodb._tcp.cluster0.x923icw.mongodb.net\n    at QueryReqWrap.onresolve [as oncomplete] (node:internal/dns/promises:275:17)","syscall":"querySrv","timestamp":"2024-10-12T00:14:11.283Z"}
{"level":"info","message":"Server is running on port 4000","timestamp":"2024-10-12T00:14:32.786Z"}
{"level":"info","message":"::1 - - [12/Oct/2024:00:14:39 +0000] \"POST /v1/account/signup HTTP/1.1\" 500 27 \"-\" \"PostmanRuntime/7.39.1\"","timestamp":"2024-10-12T00:14:39.541Z"}
{"level":"info","message":"::1 - - [12/Oct/2024:00:16:01 +0000] \"POST /v1/account/signup HTTP/1.1\" 500 71 \"-\" \"PostmanRuntime/7.39.1\"","timestamp":"2024-10-12T00:16:01.666Z"}
{"level":"info","message":"Server is running on port 4000","timestamp":"2024-10-12T00:17:58.313Z"}
{"level":"info","message":"::1 - - [12/Oct/2024:00:18:01 +0000] \"POST /v1/account/signup HTTP/1.1\" 500 27 \"-\" \"PostmanRuntime/7.39.1\"","timestamp":"2024-10-12T00:18:01.489Z"}
{"level":"info","message":"::1 - - [12/Oct/2024:00:18:33 +0000] \"POST /v1/account/signup HTTP/1.1\" 500 111 \"-\" \"PostmanRuntime/7.39.1\"","timestamp":"2024-10-12T00:18:33.319Z"}
{"level":"info","message":"Server is running on port 4000","timestamp":"2024-10-12T00:19:53.626Z"}
{"level":"info","message":"::1 - - [12/Oct/2024:00:19:56 +0000] \"POST /v1/account/signup HTTP/1.1\" 500 63 \"-\" \"PostmanRuntime/7.39.1\"","timestamp":"2024-10-12T00:19:56.189Z"}
{"level":"info","message":"::1 - - [12/Oct/2024:00:20:45 +0000] \"POST /v1/account/signup HTTP/1.1\" 500 63 \"-\" \"PostmanRuntime/7.39.1\"","timestamp":"2024-10-12T00:20:45.918Z"}
{"level":"info","message":"::1 - - [12/Oct/2024:00:20:49 +0000] \"POST /v1/account/signup HTTP/1.1\" 500 27 \"-\" \"PostmanRuntime/7.39.1\"","timestamp":"2024-10-12T00:20:49.124Z"}
{"level":"info","message":"Server is running on port 4000","timestamp":"2024-10-12T00:22:01.975Z"}
{"level":"info","message":"::1 - - [12/Oct/2024:00:22:30 +0000] \"POST /v1/account/signup HTTP/1.1\" 500 63 \"-\" \"PostmanRuntime/7.39.1\"","timestamp":"2024-10-12T00:22:30.647Z"}
{"level":"info","message":"Server is running on port 4000","timestamp":"2024-10-12T00:24:54.583Z"}
{"level":"info","message":"Server is running on port 4000","timestamp":"2024-10-12T00:25:22.131Z"}
{"level":"info","message":"::1 - - [12/Oct/2024:00:25:38 +0000] \"POST /v1/account/signup HTTP/1.1\" 500 63 \"-\" \"PostmanRuntime/7.39.1\"","timestamp":"2024-10-12T00:25:38.503Z"}
{"level":"info","message":"Server is running on port 4000","timestamp":"2024-10-12T00:26:55.859Z"}
{"level":"info","message":"::1 - - [12/Oct/2024:00:26:59 +0000] \"POST /v1/account/signup HTTP/1.1\" 500 27 \"-\" \"PostmanRuntime/7.39.1\"","timestamp":"2024-10-12T00:26:59.814Z"}
{"level":"info","message":"::1 - - [12/Oct/2024:00:27:06 +0000] \"POST /v1/account/signup HTTP/1.1\" 500 118 \"-\" \"PostmanRuntime/7.39.1\"","timestamp":"2024-10-12T00:27:06.086Z"}
{"level":"info","message":"::1 - - [12/Oct/2024:00:27:53 +0000] \"POST /v1/account/signup HTTP/1.1\" 500 63 \"-\" \"PostmanRuntime/7.39.1\"","timestamp":"2024-10-12T00:27:53.947Z"}
{"level":"info","message":"Server is running on port 4000","timestamp":"2024-10-12T00:28:39.794Z"}
{"level":"info","message":"::1 - - [12/Oct/2024:00:28:49 +0000] \"POST /v1/account/signup HTTP/1.1\" 500 63 \"-\" \"PostmanRuntime/7.39.1\"","timestamp":"2024-10-12T00:28:49.164Z"}
{"level":"info","message":"::1 - - [12/Oct/2024:00:29:28 +0000] \"POST /v1/account/signup HTTP/1.1\" 500 111 \"-\" \"PostmanRuntime/7.39.1\"","timestamp":"2024-10-12T00:29:28.611Z"}
{"code":"EREFUSED","hostname":"_mongodb._tcp.cluster0.x923icw.mongodb.net","level":"error","message":"Failed to start the server: querySrv EREFUSED _mongodb._tcp.cluster0.x923icw.mongodb.net","stack":"Error: querySrv EREFUSED _mongodb._tcp.cluster0.x923icw.mongodb.net\n    at QueryReqWrap.onresolve [as oncomplete] (node:internal/dns/promises:275:17)","syscall":"querySrv","timestamp":"2024-10-12T00:36:32.927Z"}
{"level":"info","message":"Server is running on port 4000","timestamp":"2024-10-12T00:37:42.615Z"}
{"level":"info","message":"::1 - - [12/Oct/2024:00:37:44 +0000] \"POST /v1/account/signup HTTP/1.1\" 500 111 \"-\" \"PostmanRuntime/7.39.1\"","timestamp":"2024-10-12T00:37:44.669Z"}
{"level":"info","message":"::1 - - [12/Oct/2024:00:37:53 +0000] \"POST /v1/account/signup HTTP/1.1\" 500 63 \"-\" \"PostmanRuntime/7.39.1\"","timestamp":"2024-10-12T00:37:53.566Z"}
{"level":"info","message":"Server is running on port 4000","timestamp":"2024-10-12T00:39:04.029Z"}
{"level":"info","message":"::1 - - [12/Oct/2024:00:39:19 +0000] \"POST /v1/account/signup HTTP/1.1\" 500 63 \"-\" \"PostmanRuntime/7.39.1\"","timestamp":"2024-10-12T00:39:19.790Z"}
{"level":"info","message":"Server is running on port 4000","timestamp":"2024-10-12T00:41:09.166Z"}
{"level":"info","message":"::1 - - [12/Oct/2024:00:41:17 +0000] \"POST /v1/account/signup HTTP/1.1\" 500 63 \"-\" \"PostmanRuntime/7.39.1\"","timestamp":"2024-10-12T00:41:17.567Z"}
{"level":"info","message":"Server is running on port 4000","timestamp":"2024-10-12T00:41:57.325Z"}
{"level":"info","message":"::1 - - [12/Oct/2024:00:42:13 +0000] \"POST /v1/account/signup HTTP/1.1\" 500 27 \"-\" \"PostmanRuntime/7.39.1\"","timestamp":"2024-10-12T00:42:13.295Z"}
{"level":"info","message":"::1 - - [12/Oct/2024:00:42:35 +0000] \"POST /v1/account/signup HTTP/1.1\" 500 63 \"-\" \"PostmanRuntime/7.39.1\"","timestamp":"2024-10-12T00:42:35.902Z"}
{"level":"info","message":"Server is running on port 4000","timestamp":"2024-10-12T00:45:01.323Z"}
{"level":"info","message":"Server is running on port 4000","timestamp":"2024-10-12T00:45:24.978Z"}
{"level":"info","message":"::1 - - [12/Oct/2024:00:45:43 +0000] \"POST /v1/account/signup HTTP/1.1\" 500 27 \"-\" \"PostmanRuntime/7.39.1\"","timestamp":"2024-10-12T00:45:43.399Z"}
{"level":"info","message":"::1 - - [12/Oct/2024:00:46:00 +0000] \"POST /v1/account/signup HTTP/1.1\" 500 63 \"-\" \"PostmanRuntime/7.39.1\"","timestamp":"2024-10-12T00:46:00.899Z"}
{"level":"info","message":"Server is running on port 4000","timestamp":"2024-10-12T00:46:56.340Z"}
{"level":"info","message":"::1 - - [12/Oct/2024:00:46:58 +0000] \"POST /v1/account/signup HTTP/1.1\" 500 27 \"-\" \"PostmanRuntime/7.39.1\"","timestamp":"2024-10-12T00:46:58.810Z"}
{"level":"info","message":"::1 - - [12/Oct/2024:00:47:21 +0000] \"POST /v1/account/signup HTTP/1.1\" 201 28 \"-\" \"PostmanRuntime/7.39.1\"","timestamp":"2024-10-12T00:47:21.836Z"}
{"level":"info","message":"::1 - - [12/Oct/2024:00:48:31 +0000] \"POST /v1/account/signup HTTP/1.1\" 201 28 \"-\" \"PostmanRuntime/7.39.1\"","timestamp":"2024-10-12T00:48:31.545Z"}
{"level":"info","message":"::1 - - [12/Oct/2024:00:49:29 +0000] \"POST /v1/account/signup HTTP/1.1\" 201 28 \"-\" \"PostmanRuntime/7.39.1\"","timestamp":"2024-10-12T00:49:29.812Z"}
{"level":"info","message":"::1 - - [12/Oct/2024:00:50:29 +0000] \"GET /account/verify-account/eyJhbGciOiJIUzI1NiIsInR5cCI6IkpXVCJ9.eyJhY2NvdW50SWQiOiI2NzA5Yzc5ODcwZjU2NThjNjljNzFiNWMiLCJhY2NvdW50VHlwZSI6IkRvbm9yIiwiYWNjb3VudFR5cGVJZCI6IjY3MDljNzk4NzBmNTY1OGM2OWM3MWI1ZSIsImlhdCI6MTcyODY5NDE2OCwiZXhwIjoxNzI4NzE1NzY4fQ.MUxsUZO7VCZq4HDzgv_rKLxZ9NyneQW0Kyc4vdZV01M HTTP/1.1\" 404 429 \"-\" \"PostmanRuntime/7.39.1\"","timestamp":"2024-10-12T00:50:29.772Z"}
{"level":"info","message":"::1 - - [12/Oct/2024:00:50:51 +0000] \"GET /account/verify/eyJhbGciOiJIUzI1NiIsInR5cCI6IkpXVCJ9.eyJhY2NvdW50SWQiOiI2NzA5Yzc5ODcwZjU2NThjNjljNzFiNWMiLCJhY2NvdW50VHlwZSI6IkRvbm9yIiwiYWNjb3VudFR5cGVJZCI6IjY3MDljNzk4NzBmNTY1OGM2OWM3MWI1ZSIsImlhdCI6MTcyODY5NDE2OCwiZXhwIjoxNzI4NzE1NzY4fQ.MUxsUZO7VCZq4HDzgv_rKLxZ9NyneQW0Kyc4vdZV01M HTTP/1.1\" 404 421 \"-\" \"PostmanRuntime/7.39.1\"","timestamp":"2024-10-12T00:50:51.377Z"}
{"level":"info","message":"::1 - - [12/Oct/2024:00:50:51 +0000] \"GET /account/verify/eyJhbGciOiJIUzI1NiIsInR5cCI6IkpXVCJ9.eyJhY2NvdW50SWQiOiI2NzA5Yzc5ODcwZjU2NThjNjljNzFiNWMiLCJhY2NvdW50VHlwZSI6IkRvbm9yIiwiYWNjb3VudFR5cGVJZCI6IjY3MDljNzk4NzBmNTY1OGM2OWM3MWI1ZSIsImlhdCI6MTcyODY5NDE2OCwiZXhwIjoxNzI4NzE1NzY4fQ.MUxsUZO7VCZq4HDzgv_rKLxZ9NyneQW0Kyc4vdZV01M HTTP/1.1\" 404 421 \"-\" \"PostmanRuntime/7.39.1\"","timestamp":"2024-10-12T00:50:51.387Z"}
{"level":"info","message":"::1 - - [12/Oct/2024:00:51:04 +0000] \"GET /v1/account/verify/eyJhbGciOiJIUzI1NiIsInR5cCI6IkpXVCJ9.eyJhY2NvdW50SWQiOiI2NzA5Yzc5ODcwZjU2NThjNjljNzFiNWMiLCJhY2NvdW50VHlwZSI6IkRvbm9yIiwiYWNjb3VudFR5cGVJZCI6IjY3MDljNzk4NzBmNTY1OGM2OWM3MWI1ZSIsImlhdCI6MTcyODY5NDE2OCwiZXhwIjoxNzI4NzE1NzY4fQ.MUxsUZO7VCZq4HDzgv_rKLxZ9NyneQW0Kyc4vdZV01M HTTP/1.1\" 500 32 \"-\" \"PostmanRuntime/7.39.1\"","timestamp":"2024-10-12T00:51:04.254Z"}
{"level":"info","message":"::1 - - [12/Oct/2024:00:51:04 +0000] \"GET /v1/account/verify/eyJhbGciOiJIUzI1NiIsInR5cCI6IkpXVCJ9.eyJhY2NvdW50SWQiOiI2NzA5Yzc5ODcwZjU2NThjNjljNzFiNWMiLCJhY2NvdW50VHlwZSI6IkRvbm9yIiwiYWNjb3VudFR5cGVJZCI6IjY3MDljNzk4NzBmNTY1OGM2OWM3MWI1ZSIsImlhdCI6MTcyODY5NDE2OCwiZXhwIjoxNzI4NzE1NzY4fQ.MUxsUZO7VCZq4HDzgv_rKLxZ9NyneQW0Kyc4vdZV01M HTTP/1.1\" 500 32 \"-\" \"PostmanRuntime/7.39.1\"","timestamp":"2024-10-12T00:51:04.270Z"}
{"level":"info","message":"::1 - - [12/Oct/2024:00:51:34 +0000] \"GET /v1/account/verify/:verificationToken HTTP/1.1\" 500 32 \"-\" \"PostmanRuntime/7.39.1\"","timestamp":"2024-10-12T00:51:34.188Z"}
{"level":"info","message":"::1 - - [12/Oct/2024:00:51:34 +0000] \"GET /v1/account/verify/:verificationToken HTTP/1.1\" 500 32 \"-\" \"PostmanRuntime/7.39.1\"","timestamp":"2024-10-12T00:51:34.192Z"}
{"level":"info","message":"Server is running on port 4000","timestamp":"2024-10-12T00:52:09.318Z"}
{"level":"info","message":"::1 - - [12/Oct/2024:00:52:31 +0000] \"GET /v1/account/verify/eyJhbGciOiJIUzI1NiIsInR5cCI6IkpXVCJ9.eyJhY2NvdW50SWQiOiI2NzA5Yzc5ODcwZjU2NThjNjljNzFiNWMiLCJhY2NvdW50VHlwZSI6IkRvbm9yIiwiYWNjb3VudFR5cGVJZCI6IjY3MDljNzk4NzBmNTY1OGM2OWM3MWI1ZSIsImlhdCI6MTcyODY5NDE2OCwiZXhwIjoxNzI4NzE1NzY4fQ.MUxsUZO7VCZq4HDzgv_rKLxZ9NyneQW0Kyc4vdZV01M HTTP/1.1\" 500 32 \"-\" \"PostmanRuntime/7.39.1\"","timestamp":"2024-10-12T00:52:31.286Z"}
{"level":"info","message":"::1 - - [12/Oct/2024:00:52:47 +0000] \"GET /v1/account/verify/eyJhbGciOiJIUzI1NiIsInR5cCI6IkpXVCJ9.eyJhY2NvdW50SWQiOiI2NzA5Yzc5ODcwZjU2NThjNjljNzFiNWMiLCJhY2NvdW50VHlwZSI6IkRvbm9yIiwiYWNjb3VudFR5cGVJZCI6IjY3MDljNzk4NzBmNTY1OGM2OWM3MWI1ZSIsImlhdCI6MTcyODY5NDE2OCwiZXhwIjoxNzI4NzE1NzY4fQ.MUxsUZO7VCZq4HDzgv_rKLxZ9NyneQW0Kyc4vdZV01M HTTP/1.1\" 500 32 \"-\" \"PostmanRuntime/7.39.1\"","timestamp":"2024-10-12T00:52:47.411Z"}
{"level":"info","message":"::1 - - [12/Oct/2024:00:52:47 +0000] \"GET /v1/account/verify/eyJhbGciOiJIUzI1NiIsInR5cCI6IkpXVCJ9.eyJhY2NvdW50SWQiOiI2NzA5Yzc5ODcwZjU2NThjNjljNzFiNWMiLCJhY2NvdW50VHlwZSI6IkRvbm9yIiwiYWNjb3VudFR5cGVJZCI6IjY3MDljNzk4NzBmNTY1OGM2OWM3MWI1ZSIsImlhdCI6MTcyODY5NDE2OCwiZXhwIjoxNzI4NzE1NzY4fQ.MUxsUZO7VCZq4HDzgv_rKLxZ9NyneQW0Kyc4vdZV01M HTTP/1.1\" 500 32 \"-\" \"PostmanRuntime/7.39.1\"","timestamp":"2024-10-12T00:52:47.415Z"}
{"level":"info","message":"Server is running on port 4000","timestamp":"2024-10-12T00:53:39.323Z"}
{"level":"info","message":"::1 - - [12/Oct/2024:00:53:51 +0000] \"GET /v1/account/verify/eyJhbGciOiJIUzI1NiIsInR5cCI6IkpXVCJ9.eyJhY2NvdW50SWQiOiI2NzA5Yzc5ODcwZjU2NThjNjljNzFiNWMiLCJhY2NvdW50VHlwZSI6IkRvbm9yIiwiYWNjb3VudFR5cGVJZCI6IjY3MDljNzk4NzBmNTY1OGM2OWM3MWI1ZSIsImlhdCI6MTcyODY5NDE2OCwiZXhwIjoxNzI4NzE1NzY4fQ.MUxsUZO7VCZq4HDzgv_rKLxZ9NyneQW0Kyc4vdZV01M HTTP/1.1\" 500 32 \"-\" \"PostmanRuntime/7.39.1\"","timestamp":"2024-10-12T00:53:51.093Z"}
{"level":"info","message":"Server is running on port 4000","timestamp":"2024-10-12T00:55:26.021Z"}
{"level":"info","message":"::1 - - [12/Oct/2024:00:55:31 +0000] \"GET /v1/account/verify/eyJhbGciOiJIUzI1NiIsInR5cCI6IkpXVCJ9.eyJhY2NvdW50SWQiOiI2NzA5Yzc5ODcwZjU2NThjNjljNzFiNWMiLCJhY2NvdW50VHlwZSI6IkRvbm9yIiwiYWNjb3VudFR5cGVJZCI6IjY3MDljNzk4NzBmNTY1OGM2OWM3MWI1ZSIsImlhdCI6MTcyODY5NDE2OCwiZXhwIjoxNzI4NzE1NzY4fQ.MUxsUZO7VCZq4HDzgv_rKLxZ9NyneQW0Kyc4vdZV01M HTTP/1.1\" 200 43 \"-\" \"PostmanRuntime/7.39.1\"","timestamp":"2024-10-12T00:55:31.778Z"}
{"level":"info","message":"::1 - - [12/Oct/2024:00:58:06 +0000] \"POST /v1/account/login HTTP/1.1\" 200 315 \"-\" \"PostmanRuntime/7.39.1\"","timestamp":"2024-10-12T00:58:06.969Z"}
{"code":"EREFUSED","hostname":"_mongodb._tcp.cluster0.x923icw.mongodb.net","level":"error","message":"Failed to start the server: querySrv EREFUSED _mongodb._tcp.cluster0.x923icw.mongodb.net","stack":"Error: querySrv EREFUSED _mongodb._tcp.cluster0.x923icw.mongodb.net\n    at QueryReqWrap.onresolve [as oncomplete] (node:internal/dns/promises:275:17)","syscall":"querySrv","timestamp":"2024-10-12T07:22:47.787Z"}
